#-----------------------------------------------------------
# Vivado v2018.3 (64-bit)
# SW Build 2405991 on Thu Dec  6 23:38:27 MST 2018
# IP Build 2404404 on Fri Dec  7 01:43:56 MST 2018
# Start of session at: Sat Aug  1 09:50:19 2020
# Process ID: 8660
# Current directory: D:/receptionOnline/Lab_13
# Command line: vivado.exe -gui_launcher_event rodinguilauncherevent14124 D:\receptionOnline\Lab_13\Lab_13.xpr
# Log file: D:/receptionOnline/Lab_13/vivado.log
# Journal file: D:/receptionOnline/Lab_13\vivado.jou
#-----------------------------------------------------------
start_gui
open_project D:/receptionOnline/Lab_13/Lab_13.xpr
INFO: [Project 1-313] Project file moved from 'C:/Users/liuyuanyuan/Desktop/vivado doc/Lab_13' since last save.
CRITICAL WARNING: [Project 1-311] Could not find the file 'D:/../Documents/MATLAB/Matlab_Lab_9/Matlab_Lab_9/Square_Wave_Rom.coe', nor could it be found using path 'C:/Users/liuyuanyuan/Documents/MATLAB/Matlab_Lab_9/Matlab_Lab_9/Square_Wave_Rom.coe'.
CRITICAL WARNING: [Project 1-311] Could not find the file 'D:/../Documents/MATLAB/Matlab_Lab_9/Matlab_Lab_9/Triangle_Wave_Rom.coe', nor could it be found using path 'C:/Users/liuyuanyuan/Documents/MATLAB/Matlab_Lab_9/Matlab_Lab_9/Triangle_Wave_Rom.coe'.
CRITICAL WARNING: [Project 1-311] Could not find the file 'D:/../Documents/MATLAB/Matlab_Lab_9/Matlab_Lab_9/Sin_Wave_Rom.coe', nor could it be found using path 'C:/Users/liuyuanyuan/Documents/MATLAB/Matlab_Lab_9/Matlab_Lab_9/Sin_Wave_Rom.coe'.
Scanning sources...
Finished scanning sources
WARNING: [filemgmt 56-2] IP Repository Path: Could not find the directory 'D:/SEA-Tutorial/SEA-Tutorial/IP_Core', nor could it be found using path 'C:/Users/liuyuanyuan/Desktop/SEA-Tutorial/SEA-Tutorial/IP_Core'.
INFO: [IP_Flow 19-234] Refreshing IP repositories
WARNING: [IP_Flow 19-2248] Failed to load user IP repository 'd:/SEA-Tutorial/SEA-Tutorial/IP_Core'; Can't find the specified path.
If this directory should no longer be in your list of user repositories, go to the IP Settings dialog and remove it.
INFO: [IP_Flow 19-2313] Loaded Vivado IP repository 'D:/APPforSTUDY/Vivado/Vivado/2018.3/data/ip'.
WARNING: [IP_Flow 19-2162] IP 'Clk_Division_0' is locked:
* IP definition 'Clk_Division (1.0)' for IP 'Clk_Division_0' (customized with software release 2018.3) was not found in the IP Catalog.
Please select 'Report IP Status' from the 'Tools/Report' menu or run Tcl command 'report_ip_status' for more information.
WARNING: [IP_Flow 19-2162] IP 'Clk_Division_1' is locked:
* IP definition 'Clk_Division (1.0)' for IP 'Clk_Division_1' (customized with software release 2018.3) was not found in the IP Catalog.
Please select 'Report IP Status' from the 'Tools/Report' menu or run Tcl command 'report_ip_status' for more information.
WARNING: [IP_Flow 19-2162] IP 'Driver_HDMI_0' is locked:
* IP definition 'Driver_HDMI (1.0)' for IP 'Driver_HDMI_0' (customized with software release 2018.3) was not found in the IP Catalog.
Please select 'Report IP Status' from the 'Tools/Report' menu or run Tcl command 'report_ip_status' for more information.
WARNING: [IP_Flow 19-2162] IP 'rgb2dvi_0' is locked:
* IP definition 'rgb2dvi (1.2)' for IP 'rgb2dvi_0' (customized with software release 2018.3) was not found in the IP Catalog.
Please select 'Report IP Status' from the 'Tools/Report' menu or run Tcl command 'report_ip_status' for more information.
WARNING: [IP_Flow 19-2162] IP 'Driver_UART_0' is locked:
* IP definition 'Driver_UART (1.0)' for IP 'Driver_UART_0' (customized with software release 2018.3) was not found in the IP Catalog.
Please select 'Report IP Status' from the 'Tools/Report' menu or run Tcl command 'report_ip_status' for more information.
open_project: Time (s): cpu = 00:00:24 ; elapsed = 00:00:15 . Memory (MB): peak = 769.727 ; gain = 185.586
update_compile_order -fileset sources_1
exit
INFO: [Common 17-206] Exiting Vivado at Sat Aug  1 12:18:38 2020...
